(lfs chroot) root:/sources# begin systemd-249 tar.gz
[lfs-scripts] Starting build of systemd-249 at Tue Nov 16 14:54:00 EST 2021
(lfs chroot) root:/sources/systemd-249# 
(lfs chroot) root:/sources/systemd-249# patch -Np1 -i ../systemd-249-upstream_fixes-1.patch
patching file src/basic/unit-name.c
(lfs chroot) root:/sources/systemd-249# 
(lfs chroot) root:/sources/systemd-249# sed -i -e 's/GROUP="render"/GROUP="video"/'         -e 's/GROUP="sgx", //' rules.d/50-udev-default.rules.in
(lfs chroot) root:/sources/systemd-249# sed -i 's/+ want_libfuzzer.*$/and want_libfuzzer/' meson.build
(lfs chroot) root:/sources/systemd-249# 
(lfs chroot) root:/sources/systemd-249# mkdir -p build
(lfs chroot) root:/sources/systemd-249# cd       build
(lfs chroot) root:/sources/systemd-249/build# 
(lfs chroot) root:/sources/systemd-249/build# LANG=en_US.UTF-8                    \
meson --prefix=/usr                 \
      --sysconfdir=/etc             \
      --localstatedir=/var          \
      --buildtype=release           \
      -Dblkid=true                  \
      -Ddefault-dnssec=no           \
      -Dfirstboot=false             \
      -Dinstall-tests=false         \
      -Dldconfig=false              \
      -Dsysusers=false              \
      -Db_lto=false                 \
      -Drpmmacrosdir=no             \
      -Dhomed=false                 \
      -Duserdb=false                \
      -Dman=false                   \
      -Dmode=release                \
      -Ddocdir=/usr/share/doc/systemd-249 \
      ..
The Meson build system
Version: 0.60.1
Source dir: /sources/systemd-249
Build dir: /sources/systemd-249/build
Build type: native build
Project name: systemd
Project version: 249
C compiler for the host machine: cc (gcc 11.2.0 "cc (GCC) 11.2.0")
C linker for the host machine: cc ld.bfd 2.37
Host machine cpu family: x86_64
Host machine cpu: x86_64
Program tools/add-git-hook.sh found: YES (/sources/systemd-249/tools/add-git-hook.sh)
Program tools/check-compilation.sh found: YES (/sources/systemd-249/tools/check-compilation.sh)
Program tools/meson-build.sh found: YES (/sources/systemd-249/tools/meson-build.sh)
C++ compiler for the host machine: c++ (gcc 11.2.0 "c++ (GCC) 11.2.0")
C++ linker for the host machine: c++ ld.bfd 2.37
Compiler for C supports arguments -Wno-format-signedness: YES 
Compiler for C supports arguments -Wno-missing-field-initializers: YES 
Compiler for C supports arguments -Wno-unused-parameter: YES 
Compiler for C supports arguments -Wno-unused-result: YES 
Compiler for C supports arguments -Wdate-time: YES 
Compiler for C supports arguments -Wendif-labels: YES 
Compiler for C supports arguments -Werror=format=2: YES 
Compiler for C supports arguments -Werror=implicit-function-declaration: YES 
Compiler for C supports arguments -Werror=incompatible-pointer-types: YES 
Compiler for C supports arguments -Werror=overflow: YES 
Compiler for C supports arguments -Werror=return-type: YES 
Compiler for C supports arguments -Werror=shift-count-overflow: YES 
Compiler for C supports arguments -Werror=shift-overflow=2: YES 
Compiler for C supports arguments -Werror=undef: YES 
Compiler for C supports arguments -Wfloat-equal: YES 
Compiler for C supports arguments -Wimplicit-fallthrough=5: YES 
Compiler for C supports arguments -Winit-self: YES 
Compiler for C supports arguments -Wlogical-op: YES 
Compiler for C supports arguments -Wmissing-include-dirs: YES 
Compiler for C supports arguments -Wmissing-noreturn: YES 
Compiler for C supports arguments -Wnested-externs: YES 
Compiler for C supports arguments -Wold-style-definition: YES 
Compiler for C supports arguments -Wpointer-arith: YES 
Compiler for C supports arguments -Wredundant-decls: YES 
Compiler for C supports arguments -Wshadow: YES 
Compiler for C supports arguments -Wstrict-aliasing=2: YES 
Compiler for C supports arguments -Wstrict-prototypes: YES 
Compiler for C supports arguments -Wsuggest-attribute=noreturn: YES 
Compiler for C supports arguments -Wwrite-strings: YES 
Compiler for C supports arguments -Wno-error=#warnings: NO 
Compiler for C supports arguments -Wno-string-plus-int: NO 
Compiler for C supports arguments -Wno-maybe-uninitialized: YES 
Compiler for C supports arguments -Werror=missing-declarations: YES 
Compiler for C supports arguments -Werror=missing-prototypes: YES 
Compiler for C supports arguments -fdiagnostics-show-option: YES 
Compiler for C supports arguments -ffast-math: YES 
Compiler for C supports arguments -fno-common: YES 
Compiler for C supports arguments -fno-strict-aliasing: YES 
Compiler for C supports arguments -fstack-protector: YES 
Compiler for C supports arguments -fstack-protector-strong: YES 
Compiler for C supports arguments -fvisibility=hidden: YES 
Compiler for C supports arguments --param=ssp-buffer-size=4: YES 
Compiler for C supports arguments -ffunction-sections: YES 
Compiler for C supports arguments -fdata-sections: YES 
Compiler for C supports link arguments -Wl,-z,relro: YES 
Compiler for C supports link arguments -Wl,-z,now: YES 
Compiler for C supports link arguments -fstack-protector: YES 
Compiler for C supports link arguments -Wl,--gc-sections: YES 
Compiler for C supports arguments -Wzero-length-bounds: YES 
Checking if "-Werror=shadow with local shadowing" : compiles: YES 
Compiler for C++ supports arguments -Wno-format-signedness: YES 
Compiler for C++ supports arguments -Wno-missing-field-initializers: YES 
Compiler for C++ supports arguments -Wno-unused-parameter: YES 
Compiler for C++ supports arguments -Wno-unused-result: YES 
Compiler for C supports arguments -Wstringop-truncation: YES 
Checking for size of "dev_t" : 8
Checking for size of "ino_t" : 8
Checking for size of "time_t" : 8
Checking for size of "rlim_t" : 8
Checking for size of "char16_t" : 2
Checking for size of "char32_t" : 4
Checking for size of "struct mount_attr" : 32
Checking for size of "struct statx" : 256
Checking for function "secure_getenv" : YES 
Checking for function "__secure_getenv" : NO 
Checking for function "memfd_create" : YES 
Checking for function "gettid" : YES 
Checking for function "pivot_root" : NO 
Checking for function "name_to_handle_at" : YES 
Checking for function "setns" : YES 
Checking for function "renameat2" : YES 
Checking for function "kcmp" : NO 
Checking for function "keyctl" : NO 
Checking for function "copy_file_range" : YES 
Checking for function "bpf" : NO 
Checking for function "statx" : YES 
Checking for function "explicit_bzero" : YES 
Checking for function "reallocarray" : YES 
Checking for function "set_mempolicy" : NO 
Checking for function "get_mempolicy" : NO 
Checking for function "pidfd_send_signal" : NO 
Checking for function "pidfd_open" : NO 
Checking for function "rt_sigqueueinfo" : NO 
Checking for function "mallinfo" : YES 
Checking for function "mallinfo2" : YES 
Checking for function "execveat" : YES 
Checking for function "close_range" : YES 
Checking for function "epoll_pwait2" : NO 
Checking for function "mount_setattr" : NO 
Checking for function "move_mount" : NO 
Checking for function "open_tree" : NO 
Checking for function "getrandom" : YES 
Program /usr/bin/meson found: YES (/usr/bin/meson)
Program sh found: YES (/bin/sh)
Program echo found: YES (/bin/echo)
Program test found: YES (/bin/test)
Program sed found: YES (/bin/sed)
Program awk found: YES (/bin/awk)
Program stat found: YES (/bin/stat)
Program ln found: YES (/bin/ln)
Program git found: NO
Program env found: YES (/bin/env)
Program perl found: YES (/bin/perl)
Program rsync found: NO
Program test/test-efi-create-disk.sh found: YES (/sources/systemd-249/test/test-efi-create-disk.sh)
Program quotaon /usr/sbin/quotaon /sbin/quotaon found: NO
Program quotacheck /usr/sbin/quotacheck /sbin/quotacheck found: NO
Program kmod found: YES (/bin/kmod)
Program kexec /usr/sbin/kexec /sbin/kexec found: NO
Program sulogin found: YES (/sbin/sulogin)
Program mount found: YES (/bin/mount)
Program umount found: YES (/bin/umount)
Program loadkeys found: YES (/bin/loadkeys)
Program setfont found: YES (/bin/setfont)
Program nologin found: YES (/sbin/nologin)
Program gperf found: YES (/bin/gperf)
Message: gperf len type is size_t
Has header "sys/capability.h" : YES 
Has header "crypt.h" : YES 
Has header "linux/memfd.h" : YES 
Has header "linux/vm_sockets.h" : YES 
Has header "sys/auxv.h" : YES 
Has header "valgrind/memcheck.h" : NO 
Has header "valgrind/valgrind.h" : NO 
Has header "linux/time_types.h" : YES 
Has header "sys/sdt.h" : NO 
../meson.build:762: WARNING: 
The local user with the configured user name "nobody" of the nobody user does not have UID 65534 (it has 99).
Your build will result in an user table setup that is incompatible with the local system.
../meson.build:781: WARNING: 
The local group with the configured group name "nobody" of the nobody group does not have GID 65534 (it has 99).
Your build will result in an group table setup that is incompatible with the local system.
Program tools/choose-default-locale.sh found: YES (/sources/systemd-249/tools/choose-default-locale.sh)
Run-time dependency threads found: YES
Library rt found: YES
Library m found: YES
Library dl found: YES
Library crypt found: YES
Checking for function "crypt_ra" with dependency -lcrypt: NO 
Checking for function "crypt_preferred_method" with dependency -lcrypt: NO 
Checking for function "crypt_gensalt_ra" with dependency -lcrypt: NO 
Found pkg-config: /bin/pkg-config (0.29.2)
Run-time dependency libcap found: YES 2.60
Did not find CMake 'cmake'
Found CMake: NO
Run-time dependency libbpf found: NO (tried pkgconfig and cmake)
Program clang found: NO
Program llvm-strip found: NO
Program bpftool /usr/sbin/bpftool found: NO
Run-time dependency mount found: YES 2.37.2
Run-time dependency fdisk found: YES 2.37.2
Run-time dependency pwquality found: NO (tried pkgconfig and cmake)
Run-time dependency libseccomp found: NO (tried pkgconfig and cmake)
Run-time dependency libselinux found: NO (tried pkgconfig and cmake)
Run-time dependency libapparmor found: NO (tried pkgconfig and cmake)
Run-time dependency polkit-gobject-1 found: NO (tried pkgconfig and cmake)
Library acl found: YES
Run-time dependency audit found: NO (tried pkgconfig and cmake)
Run-time dependency blkid found: YES 2.37.2
Checking for function "blkid_probe_set_hint" with dependency blkid: YES 
Run-time dependency libkmod found: YES 29
Library pam found: NO
Library pam_misc found: NO
Run-time dependency libmicrohttpd found: NO (tried pkgconfig and cmake)
Run-time dependency libcryptsetup found: NO (tried pkgconfig and cmake)
Run-time dependency libcurl found: NO (tried pkgconfig and cmake)
Run-time dependency libidn2 found: NO (tried pkgconfig and cmake)
Run-time dependency libidn found: NO (tried pkgconfig and cmake)
Run-time dependency libiptc found: NO (tried pkgconfig and cmake)
Run-time dependency libqrencode found: NO (tried pkgconfig and cmake)
Library gcrypt found: NO
Library gpg-error found: NO
Run-time dependency gnutls found: NO (tried pkgconfig and cmake)
Run-time dependency openssl found: YES 1.1.1l
Run-time dependency p11-kit-1 found: NO (tried pkgconfig and cmake)
Run-time dependency libfido2 found: NO (tried pkgconfig and cmake)
Run-time dependency tss2-esys tss2-rc tss2-mu found: NO (tried pkgconfig and cmake)
Run-time dependency libdw found: NO (tried pkgconfig and cmake)
Run-time dependency zlib found: YES 1.2.11
Library bz2 found: YES
Run-time dependency liblzma found: YES 5.2.5
Run-time dependency liblz4 found: NO (tried pkgconfig and cmake)
Run-time dependency libzstd found: YES 1.5.0
Run-time dependency xkbcommon found: NO (tried pkgconfig and cmake)
Run-time dependency libpcre2-8 found: NO (tried pkgconfig and cmake)
Run-time dependency glib-2.0 found: NO (tried pkgconfig and cmake)
Run-time dependency gobject-2.0 found: NO (tried pkgconfig and cmake)
Run-time dependency gio-2.0 found: NO (tried pkgconfig and cmake)
Run-time dependency dbus-1 found: YES 1.12.20
Program tools/build-bpf-skel.py found: YES (/sources/systemd-249/tools/build-bpf-skel.py)
Program tools/generate-gperfs.py found: YES (/sources/systemd-249/tools/generate-gperfs.py)
Program tools/make-autosuspend-rules.py found: YES (/sources/systemd-249/tools/make-autosuspend-rules.py)
Program tools/make-directive-index.py found: YES (/sources/systemd-249/tools/make-directive-index.py)
Program tools/make-man-index.py found: YES (/sources/systemd-249/tools/make-man-index.py)
Program tools/meson-render-jinja2.py found: YES (/sources/systemd-249/tools/meson-render-jinja2.py)
Program tools/update-dbus-docs.py found: YES (/sources/systemd-249/tools/update-dbus-docs.py)
Program tools/update-hwdb.sh found: YES (/sources/systemd-249/tools/update-hwdb.sh)
Program tools/update-hwdb-autosuspend.sh found: YES (/sources/systemd-249/tools/update-hwdb-autosuspend.sh)
Program tools/update-syscall-tables.sh found: YES (/sources/systemd-249/tools/update-syscall-tables.sh)
Program tools/xml_helper.py found: YES (/sources/systemd-249/tools/xml_helper.py)
Configuring config.h using configuration
Program sh found: YES (/bin/sh)
Program generate-af-list.sh found: YES (/sources/systemd-249/src/basic/generate-af-list.sh)
Program generate-arphrd-list.sh found: YES (/sources/systemd-249/src/basic/generate-arphrd-list.sh)
Program generate-cap-list.sh found: YES (/sources/systemd-249/src/basic/generate-cap-list.sh)
Program generate-errno-list.sh found: YES (/sources/systemd-249/src/basic/generate-errno-list.sh)
Program missing_syscalls.py found: YES (/bin/python3 /sources/systemd-249/src/basic/missing_syscalls.py)
Program sd-journal/generate-audit_type-list.sh found: YES (/sources/systemd-249/src/libsystemd/sd-journal/generate-audit_type-list.sh)
Program generate-syscall-list.py found: YES (/sources/systemd-249/src/shared/generate-syscall-list.py)
Program generate-ip-protocol-list.sh found: YES (/sources/systemd-249/src/shared/generate-ip-protocol-list.sh)
Program generate-keyboard-keys-list.sh found: YES (/sources/systemd-249/src/udev/generate-keyboard-keys-list.sh)
Program generate-keyboard-keys-gperf.sh found: YES (/sources/systemd-249/src/udev/generate-keyboard-keys-gperf.sh)
Program sh found: YES (/bin/sh)
Program sh found: YES (/bin/sh)
Program sh found: YES (/bin/sh)
Program sh found: YES (/bin/sh)
Program sh found: YES (/bin/sh)
Program sh found: YES (/bin/sh)
Program sh found: YES (/bin/sh)
Program sh found: YES (/bin/sh)
Program sh found: YES (/bin/sh)
Program sh found: YES (/bin/sh)
Program sh found: YES (/bin/sh)
Program sh found: YES (/bin/sh)
Program ld found: YES (/bin/ld)
Has header "/usr/include/efi/x86_64/efibind.h" : NO 
Has header "/usr/include/efi/x64/efibind.h" : NO 
Program sh found: YES (/bin/sh)
Program test-repart.sh found: YES (/sources/systemd-249/src/partition/test-repart.sh)
Program generate-dns_type-gperf.py found: YES (/sources/systemd-249/src/resolve/generate-dns_type-gperf.py)
Compiler for C supports arguments -std=iso9899:2017: YES 
Compiler for C++ supports arguments -std=c++14: YES 
Compiler for C++ supports arguments -std=c++17: YES 
Compiler for C++ supports arguments -std=c++20: YES 
Program generate-sym-test.py found: YES (/sources/systemd-249/src/test/generate-sym-test.py)
Program test-network-generator-conversion.sh found: YES (/sources/systemd-249/test/test-network-generator-conversion.sh)
Program test-systemd-tmpfiles.py found: YES (/sources/systemd-249/test/test-systemd-tmpfiles.py)
Program hwdb-test.sh found: YES (/sources/systemd-249/test/hwdb-test.sh)
Configuring test-sysusers.sh using configuration
Program rule-syntax-check.py found: YES (/sources/systemd-249/test/rule-syntax-check.py)
Program sysv-generator-test.py found: YES (/sources/systemd-249/test/sysv-generator-test.py)
Program sys-script.py found: YES (/sources/systemd-249/test/sys-script.py)
Program udev-test.pl found: YES (/sources/systemd-249/test/udev-test.pl)
Program udev-dmi-memory-id-test.sh found: YES (/sources/systemd-249/test/udev-dmi-memory-id-test.sh)
Program sh found: YES (/bin/sh)
Program sh found: YES (/bin/sh)
Program sh found: YES (/bin/sh)
Program sh found: YES (/bin/sh)
Program /sources/systemd-249/tools/meson-make-symlink.sh found: YES (/sources/systemd-249/tools/meson-make-symlink.sh)
Program /sources/systemd-249/tools/meson-make-symlink.sh found: YES (/sources/systemd-249/tools/meson-make-symlink.sh)
Program /sources/systemd-249/tools/meson-make-symlink.sh found: YES (/sources/systemd-249/tools/meson-make-symlink.sh)
Program /sources/systemd-249/tools/meson-make-symlink.sh found: YES (/sources/systemd-249/tools/meson-make-symlink.sh)
Program /sources/systemd-249/tools/meson-make-symlink.sh found: YES (/sources/systemd-249/tools/meson-make-symlink.sh)
Program /sources/systemd-249/tools/meson-make-symlink.sh found: YES (/sources/systemd-249/tools/meson-make-symlink.sh)
Program /sources/systemd-249/tools/meson-make-symlink.sh found: YES (/sources/systemd-249/tools/meson-make-symlink.sh)
Program /sources/systemd-249/tools/meson-make-symlink.sh found: YES (/sources/systemd-249/tools/meson-make-symlink.sh)
Program /sources/systemd-249/tools/meson-make-symlink.sh found: YES (/sources/systemd-249/tools/meson-make-symlink.sh)
Program /sources/systemd-249/tools/meson-make-symlink.sh found: YES (/sources/systemd-249/tools/meson-make-symlink.sh)
Program /sources/systemd-249/tools/meson-make-symlink.sh found: YES (/sources/systemd-249/tools/meson-make-symlink.sh)
Program sh found: YES (/bin/sh)
Program sh found: YES (/bin/sh)
Program /sources/systemd-249/tools/meson-make-symlink.sh found: YES (/sources/systemd-249/tools/meson-make-symlink.sh)
Program sh found: YES (/bin/sh)
Program sh found: YES (/bin/sh)
Message: test-bus-benchmark is a manual test
Message: test-ipv4ll-manual is a manual test
Message: test-acd is a manual test
Message: test-coredump-vacuum is a manual test
Message: test-qcow2 is a manual test
Message: test-inhibit is a manual test
Message: test-patch-uid is a manual test
Message: test-dnssec-complex is a manual test
Message: test-ns is a manual test
Message: Not compiling test-seccomp because HAVE_SECCOMP is not true
Message: test-ask-password-api is a manual test
Message: test-ipcrm is an unsafe test
Message: test-btrfs is a manual test
Message: test-netlink-manual is a manual test
Message: test-chase-symlinks is a manual test
Message: test-install is a manual test
Message: test-udev is a manual test
Message: Not compiling test-gcrypt-util because HAVE_GCRYPT is not true
Message: test-nss-hosts is a manual test
Message: test-nss-users is a manual test
Message: test-nscd-flush is a manual test
Message: Not compiling test-socket-bind because BPF_FRAMEWORK is not true
Program true found: YES (/bin/true)
Checking for size of "long" : 8
Program sh found: YES (/bin/sh)
Message: Not installing tmpfiles.d/systemd-nologin.conf because HAVE_PAM is 0
Program sh found: YES (/bin/sh)
Program sh found: YES (/bin/sh)
Program sh found: YES (/bin/sh)
Program parse_hwdb.py found: YES (/sources/systemd-249/hwdb.d/parse_hwdb.py)
Program meson-add-wants.sh found: YES (/sources/systemd-249/units/meson-add-wants.sh)
Program /sources/systemd-249/tools/meson-make-symlink.sh found: YES (/sources/systemd-249/tools/meson-make-symlink.sh)
Program /sources/systemd-249/tools/meson-make-symlink.sh found: YES (/sources/systemd-249/tools/meson-make-symlink.sh)
Program sh found: YES (/bin/sh)
Program sh found: YES (/bin/sh)
Program sh found: YES (/bin/sh)
Program sh found: YES (/bin/sh)
Program sh found: YES (/bin/sh)
Program sh found: YES (/bin/sh)
Program xsltproc found: NO
Message: python-lxml not available, not making man page indices
Configuring man using configuration
Configuring html using configuration
Run-time dependency bash-completion found: NO (tried pkgconfig and cmake)
Program sh found: YES (/bin/sh)
Program sh found: YES (/bin/sh)
Program jekyll found: NO
Program tools/check-help.sh found: YES (/sources/systemd-249/tools/check-help.sh)
Program tools/check-directives.sh found: YES (/sources/systemd-249/tools/check-directives.sh)
Compiler for C supports link arguments -fsanitize=address,undefined: YES 
Message: Not compiling fuzz-bus-match:address,undefined because fuzz-tests is set to false
Message: Not compiling fuzz-bus-message:address,undefined because fuzz-tests is set to false
Message: Not compiling fuzz-calendarspec:address,undefined because fuzz-tests is set to false
Message: Not compiling fuzz-catalog:address,undefined because fuzz-tests is set to false
Message: Not compiling fuzz-dhcp6-client:address,undefined because fuzz-tests is set to false
Message: Not compiling fuzz-dhcp-server:address,undefined because fuzz-tests is set to false
Message: Not compiling fuzz-dns-packet:address,undefined because fuzz-tests is set to false
Message: Not compiling fuzz-env-file:address,undefined because fuzz-tests is set to false
Message: Not compiling fuzz-fido-id-desc:address,undefined because fuzz-tests is set to false
Message: Not compiling fuzz-journald-audit:address,undefined because fuzz-tests is set to false
Message: Not compiling fuzz-journald-kmsg:address,undefined because fuzz-tests is set to false
Message: Not compiling fuzz-journald-native-fd:address,undefined because fuzz-tests is set to false
Message: Not compiling fuzz-journald-stream:address,undefined because fuzz-tests is set to false
Message: Not compiling fuzz-journald-syslog:address,undefined because fuzz-tests is set to false
Message: Not compiling fuzz-journal-remote:address,undefined because fuzz-tests is set to false
Message: Not compiling fuzz-json:address,undefined because fuzz-tests is set to false
Message: Not compiling fuzz-link-parser:address,undefined because fuzz-tests is set to false
Message: Not compiling fuzz-lldp:address,undefined because fuzz-tests is set to false
Message: Not compiling fuzz-ndisc-rs:address,undefined because fuzz-tests is set to false
Message: Not compiling fuzz-netdev-parser:address,undefined because fuzz-tests is set to false
Message: Not compiling fuzz-network-parser:address,undefined because fuzz-tests is set to false
Message: Not compiling fuzz-nspawn-oci:address,undefined because fuzz-tests is set to false
Message: Not compiling fuzz-nspawn-settings:address,undefined because fuzz-tests is set to false
Message: Not compiling fuzz-systemctl-parse-argv:address,undefined because fuzz-tests is set to false
Message: Not compiling fuzz-udev-database:address,undefined because fuzz-tests is set to false
Message: Not compiling fuzz-udev-rules:address,undefined because fuzz-tests is set to false
Message: Not compiling fuzz-unit-file:address,undefined because fuzz-tests is set to false
Message: Not compiling fuzz-varlink:address,undefined because fuzz-tests is set to false
Message: Not compiling fuzz-xdg-desktop:address,undefined because fuzz-tests is set to false
Program tools/check-api-docs.sh found: YES (/sources/systemd-249/tools/check-api-docs.sh)
Message: systemd 249
         build mode:                        release
         split /usr:                        false
         split bin-sbin:                    true
         prefix directory:                  /usr
         rootprefix directory:              /usr
         sysconf directory:                 /etc
         include directory:                 /usr/include
         lib directory:                     /usr/lib
         rootlib directory:                 /usr/lib
         SysV init scripts:                 /etc/init.d
         SysV rc?.d directories:            /etc/rc.d
         PAM modules directory:             /usr/lib/security
         PAM configuration directory:       /usr/lib/pam.d
         RPM macros directory:              no
         modprobe.d directory:              /usr/lib/modprobe.d
         D-Bus policy directory:            /usr/share/dbus-1/system.d
         D-Bus session directory:           /usr/share/dbus-1/services
         D-Bus system directory:            /usr/share/dbus-1/system-services
         bash completions directory:        /usr/share/bash-completion/completions
         zsh completions directory:         /usr/share/zsh/site-functions
         extra start script:                /etc/rc.local
         debug shell:                       /bin/sh @ /dev/tty9
         system UIDs:                       <=999 (alloc >=101)
         system GIDs:                       <=999 (alloc >=101)
         dynamic UIDs:                      61184…65519
         container UID bases:               524288…1878982656
         static UID/GID allocations:        tty-gid:5
         /dev/kvm access mode:              0666
         render group access mode:          0666
         certificate root directory:        /etc/ssl
         support URL:                       https://lists.freedesktop.org/mailman/listinfo/systemd-devel
         nobody user name:                  nobody
         nobody group name:                 nobody
         fallback hostname:                 localhost
         default DNSSEC mode:               no
         default DNS-over-TLS mode:         no
         default mDNS mode:                 yes
         default LLMNR mode:                yes
         default cgroup hierarchy:          unified
         default net.naming-scheme setting: latest
         default KillUserProcesses setting: true
         default locale:                    C.UTF-8
         default user $PATH:                (same as system services)
         systemd service watchdog:          3min
         default DNS servers:               1.1.1.1#cloudflare-dns.com
                                            8.8.8.8#dns.google
                                            1.0.0.1#cloudflare-dns.com
                                            8.8.4.4#dns.google
                                            2606:4700:4700::1111#cloudflare-dns.com
                                            2001:4860:4860::8888#dns.google
                                            2606:4700:4700::1001#cloudflare-dns.com
                                            2001:4860:4860::8844#dns.google
         default NTP servers:               time1.google.com
                                            time2.google.com
                                            time3.google.com
                                            time4.google.com
         time epoch:                        1625679689 (2021-07-07T17:41:29+00:00)
         efi arch:                          x86_64
         
         enabled features: ACL, IMA, SMACK, blkid, libfdisk, openssl, zstd, xz, zlib, bzip2, backlight, binfmt, coredump, environment.d, efi, hibernate, hostnamed, hwdb, initrd, kernel-install, localed, logind, machined, networkd, nss-myhostname, nss-mymachines, nss-resolve, nss-systemd, oomd, portabled, pstore, quotacheck, randomseed, repart, resolve, rfkill, sysext, systemd-analyze, timedated, timesyncd, tmpfiles, vconsole, xdg-autostart, idn, polkit, nscd, kmod, dbus, tpm, SysV compat, utmp, adm group, wheel group, gshadow, link-udev-shared, link-systemctl-shared, link-networkd-shared, link-timesyncd-shared, DNS-over-TLS(openssl)
         
         disabled features: AUDIT, AppArmor, PAM, SECCOMP, SELinux, elfutils, gcrypt, gnutls, libbpf, libcryptsetup, libcurl, libfido2, libidn, libidn2, libiptc, microhttpd, p11kit, pcre2, pwquality, qrencode, tpm2, xkbcommon, lz4, bpf-framework, gnu-efi, firstboot, homed, importd, sysusers, userdb, legacy-pkla, glib, man pages, html pages, man page indices, compat-mutable-uid-boundaries, ldconfig, debug hashmap, debug mmap cache, debug siphash, valgrind, trace logging, install tests, fexecve, standalone-binaries, static-libsystemd, static-libudev
         
Build targets in project: 625

systemd 249

  User defined options
    buildtype     : release
    localstatedir : /var
    prefix        : /usr
    sysconfdir    : /etc
    b_lto         : false
    blkid         : true
    default-dnssec: no
    docdir        : /usr/share/doc/systemd-249
    firstboot     : false
    homed         : false
    install-tests : false
    ldconfig      : false
    man           : false
    mode          : release
    rpmmacrosdir  : no
    sysusers      : false
    userdb        : false

Found ninja-1.10.2 at /bin/ninja
(lfs chroot) root:/sources/systemd-249/build# 
(lfs chroot) root:/sources/systemd-249/build# LANG=en_US.UTF-8 ninja
[87/1732] Compiling C object src/basic/libbasic.a.p/arphrd-list.c.o
FAILED: src/basic/libbasic.a.p/arphrd-list.c.o 
cc -Isrc/basic/libbasic.a.p -Isrc/basic -I../src/basic -Isrc/fundamental -I../src/fundamental -Isrc/systemd -I../src/systemd -I. -I.. -fdiagnostics-color=always -D_FILE_OFFSET_BITS=64 -Wall -Winvalid-pch -Wextra -std=gnu99 -O3 -Wno-format-signedness -Wno-missing-field-initializers -Wno-unused-parameter -Wno-unused-result -Wdate-time -Wendif-labels -Werror=format=2 -Werror=implicit-function-declaration -Werror=incompatible-pointer-types -Werror=overflow -Werror=return-type -Werror=shift-count-overflow -Werror=shift-overflow=2 -Werror=undef -Wfloat-equal -Wimplicit-fallthrough=5 -Winit-self -Wlogical-op -Wmissing-include-dirs -Wmissing-noreturn -Wnested-externs -Wold-style-definition -Wpointer-arith -Wredundant-decls -Wshadow -Wstrict-aliasing=2 -Wstrict-prototypes -Wsuggest-attribute=noreturn -Wwrite-strings -Wno-maybe-uninitialized -Werror=missing-declarations -Werror=missing-prototypes -fdiagnostics-show-option -ffast-math -fno-common -fno-strict-aliasing -fstack-protector -fstack-protector-strong -fvisibility=hidden --param=ssp-buffer-size=4 -ffunction-sections -fdata-sections -Werror=shadow -include config.h -fPIC -pthread -fvisibility=default -MD -MQ src/basic/libbasic.a.p/arphrd-list.c.o -MF src/basic/libbasic.a.p/arphrd-list.c.o.d -o src/basic/libbasic.a.p/arphrd-list.c.o -c ../src/basic/arphrd-list.c
In file included from ../src/basic/arphrd-list.c:12:
src/basic/arphrd-from-name.gperf: In function ‘lookup_arphrd’:
src/basic/arphrd-from-name.gperf:64:16: error: ‘ARPHRD_MCTP’ undeclared (first use in this function); did you mean ‘ARPHRD_FCPP’?
   64 | MCTP, ARPHRD_MCTP
      |                ^~         
      |                ARPHRD_FCPP
src/basic/arphrd-from-name.gperf:64:16: note: each undeclared identifier is reported only once for each function it appears in
In file included from ../src/basic/arphrd-list.c:13:
src/basic/arphrd-to-name.h: In function ‘arphrd_to_name’:
src/basic/arphrd-to-name.h:57:14: error: ‘ARPHRD_MCTP’ undeclared (first use in this function); did you mean ‘ARPHRD_FCPP’?
   57 |         case ARPHRD_MCTP: return "MCTP";
      |              ^~~~~~~~~~~
      |              ARPHRD_FCPP
[96/1732] Compiling C object src/libsystemd/libsystemd_static.a.p/sd-bus_bus-creds.c.o
ninja: build stopped: subcommand failed.
(lfs chroot) root:/sources/systemd-249/build# 


(lfs chroot) root:/sources/systemd/build# LANG=en_US.UTF-8 ninja
[37/442] Linking target test-fd-util
FAILED: test-fd-util 
cc  -o test-fd-util test-fd-util.p/src_test_test-fd-util.c.o -Wl,--as-needed -Wl,--no-undefined -Wl,-O1 -Wl,--fatal-warnings -Wl,-z,now -Wl,-z,relro -fstack-protector -Wl,--warn-common -Wl,--gc-sections '-Wl,-rpath,$ORIGIN/src/shared' -Wl,-rpath-link,/sources/systemd/build/src/shared -Wl,--start-group src/shared/libsystemd-shared-249.so -Wl,--end-group
/bin/ld: test-fd-util.p/src_test_test-fd-util.c.o: in function `seccomp_prohibit_close_range':
test-fd-util.c:(.text.seccomp_prohibit_close_range+0x2a): undefined reference to `seccomp_init_for_arch'
/bin/ld: test-fd-util.c:(.text.seccomp_prohibit_close_range+0x49): undefined reference to `seccomp_rule_add_exact'
/bin/ld: test-fd-util.c:(.text.seccomp_prohibit_close_range+0x5c): undefined reference to `seccomp_load'
/bin/ld: test-fd-util.c:(.text.seccomp_prohibit_close_range+0x74): undefined reference to `seccomp_release'
/bin/ld: test-fd-util.p/src_test_test-fd-util.c.o: in function `main':
test-fd-util.c:(.text.startup.main+0xd07): undefined reference to `is_seccomp_available'
collect2: error: ld returned 1 exit status
[46/442] Compiling C object test-string-util.p/src_test_test-string-util.c.o
ninja: build stopped: subcommand failed.
(lfs chroot) root:/sources/systemd/build# find / -name seccomp.h
/usr/include/seccomp.h
/usr/include/linux/seccomp.h
/sources/libseccomp/include/seccomp.h
(lfs chroot) root:/sources/systemd/build# 

